<?xml version="1.0" encoding="UTF-8"?>
<!-- Generated by org.testng.reporters.JUnitReportReporter -->
<testsuite hostname="496330036da5" failures="0" tests="9" name="com.amarpatekar.tests.vendorportal.VendorPortalTest" time="55.885" errors="0" timestamp="2024-09-07T17:56:17 GMT" skipped="0">
  <testcase classname="com.amarpatekar.tests.vendorportal.VendorPortalTest" name="loginTest" time="6.933"/>
  <testcase classname="com.amarpatekar.tests.vendorportal.VendorPortalTest" name="loginTest" time="6.951"/>
  <testcase classname="com.amarpatekar.tests.vendorportal.VendorPortalTest" name="dashboardTest" time="5.454"/>
  <testcase classname="com.amarpatekar.tests.vendorportal.VendorPortalTest" name="logoutTest" time="6.640"/>
  <testcase classname="com.amarpatekar.tests.vendorportal.VendorPortalTest" name="dashboardTest" time="5.461"/>
  <testcase classname="com.amarpatekar.tests.vendorportal.VendorPortalTest" name="logoutTest" time="6.029"/>
  <testcase classname="com.amarpatekar.tests.vendorportal.VendorPortalTest" name="logoutTest" time="6.030"/>
  <testcase classname="com.amarpatekar.tests.vendorportal.VendorPortalTest" name="dashboardTest" time="5.458"/>
  <testcase classname="com.amarpatekar.tests.vendorportal.VendorPortalTest" name="loginTest" time="6.929"/>
</testsuite> <!-- com.amarpatekar.tests.vendorportal.VendorPortalTest -->
